2022.06.05 17:20:59 INFO  tracing is disabled for protocol LSP, to enable tracing of incoming and outgoing JSON messages create an empty file at c:\Users\MediaMonster\Downloads\play-samples-play-scala-hello-world-tutorial\.metals\lsp.trace.json or C:\Users\MediaMonster\AppData\Local\scalameta\metals\cache\lsp.trace.json
2022.06.05 17:21:03 INFO  logging to file C:\Users\MediaMonster\Downloads\play-samples-play-scala-hello-world-tutorial\.metals\metals.log
2022.06.05 17:21:03 INFO  Started: Metals version 0.11.6 in workspace 'C:\Users\MediaMonster\Downloads\play-samples-play-scala-hello-world-tutorial' for client Visual Studio Code 1.66.2.
2022.06.05 17:21:03 WARN  Can't instantiate JavaInteractiveSemanticdb (version: Some(JdkVersion(8)), jdkHome: C:\Program Files (x86)\Java\jre1.8.0_221, javac exists: false)
2022.06.05 17:21:03 INFO  time: initialize in 0.53s
2022.06.05 17:21:03 WARN  Flyway upgrade recommended: H2 2.1.212 is newer than this version of Flyway and support has not been tested. The latest supported version of H2 is 2.1.210.
2022.06.05 17:21:04 WARN  Build server is not auto-connectable.
2022.06.05 17:21:30 WARN  no build target for: C:\Users\MediaMonster\Downloads\play-samples-play-scala-hello-world-tutorial\app\controllers\HomeController.scala
2022.06.05 17:21:59 INFO  no build target found for C:\Users\MediaMonster\Downloads\play-samples-play-scala-hello-world-tutorial\app\controllers\HomeController.scala. Using presentation compiler with project's scala-library version: 3.1.2
2022.06.05 17:22:05 INFO  time: code lens generation in 33s
2022.06.06 22:12:56 INFO  shutting down Metals
2022.06.06 22:12:56 ERROR Unexpected error initializing server
org.eclipse.lsp4j.jsonrpc.ResponseErrorException: Request window/showMessageRequest failed with message: Canceled
	at org.eclipse.lsp4j.jsonrpc.RemoteEndpoint.handleResponse(RemoteEndpoint.java:209)
	at org.eclipse.lsp4j.jsonrpc.RemoteEndpoint.consume(RemoteEndpoint.java:193)
	at org.eclipse.lsp4j.jsonrpc.json.StreamMessageProducer.handleMessage(StreamMessageProducer.java:194)
	at org.eclipse.lsp4j.jsonrpc.json.StreamMessageProducer.listen(StreamMessageProducer.java:94)
	at org.eclipse.lsp4j.jsonrpc.json.ConcurrentMessageProcessor.run(ConcurrentMessageProcessor.java:113)
	at java.util.concurrent.Executors$RunnableAdapter.call(null)
	at java.util.concurrent.FutureTask.run(null)
	at java.util.concurrent.ThreadPoolExecutor.runWorker(null)
	at java.util.concurrent.ThreadPoolExecutor$Worker.run(null)
	at java.lang.Thread.run(null)

2022.06.06 22:17:54 INFO  tracing is disabled for protocol LSP, to enable tracing of incoming and outgoing JSON messages create an empty file at c:\Users\MediaMonster\Desktop\play-samples-play-scala-hello-world-tutorial\.metals\lsp.trace.json or C:\Users\MediaMonster\AppData\Local\scalameta\metals\cache\lsp.trace.json
2022.06.06 22:18:00 INFO  logging to file C:\Users\MediaMonster\Desktop\play-samples-play-scala-hello-world-tutorial\.metals\metals.log
2022.06.06 22:18:00 INFO  Started: Metals version 0.11.6 in workspace 'C:\Users\MediaMonster\Desktop\play-samples-play-scala-hello-world-tutorial' for client Visual Studio Code 1.67.2.
2022.06.06 22:18:00 WARN  Can't instantiate JavaInteractiveSemanticdb (version: Some(JdkVersion(8)), jdkHome: C:\Program Files (x86)\Java\jre1.8.0_221, javac exists: false)
2022.06.06 22:18:00 INFO  time: initialize in 0.86s
2022.06.06 22:18:03 WARN  Flyway upgrade recommended: H2 2.1.212 is newer than this version of Flyway and support has not been tested. The latest supported version of H2 is 2.1.210.
2022.06.06 22:18:03 WARN  Build server is not auto-connectable.
2022.06.06 23:19:57 WARN  no build target for: C:\Users\MediaMonster\Desktop\play-samples-play-scala-hello-world-tutorial\app\controllers\HomeController.scala
2022.06.06 23:20:14 INFO  no build target found for C:\Users\MediaMonster\Desktop\play-samples-play-scala-hello-world-tutorial\app\controllers\HomeController.scala. Using presentation compiler with project's scala-library version: 3.1.2
2022.06.06 23:20:17 WARN  no build target for: C:\Users\MediaMonster\Desktop\play-samples-play-scala-hello-world-tutorial\app\controllers\HomeController.scala
juin 06, 2022 11:20:17 PM org.eclipse.lsp4j.jsonrpc.RemoteEndpoint handleCancellation
AVERTISSEMENT: Unmatched cancel notification for request id 6
juin 06, 2022 11:20:17 PM org.eclipse.lsp4j.jsonrpc.RemoteEndpoint handleCancellation
AVERTISSEMENT: Unmatched cancel notification for request id 10
juin 06, 2022 11:20:17 PM org.eclipse.lsp4j.jsonrpc.RemoteEndpoint handleCancellation
AVERTISSEMENT: Unmatched cancel notification for request id 8
2022.06.06 23:20:23 INFO  time: code lens generation in 25s
2022.06.06 23:20:23 INFO  time: code lens generation in 5.66s
2022.06.06 23:20:23 INFO  time: code lens generation in 5.71s
2022.06.06 23:48:46 INFO  shutting down Metals
2022.06.06 23:48:47 ERROR Unexpected error initializing server
org.eclipse.lsp4j.jsonrpc.ResponseErrorException: Request window/showMessageRequest failed with message: Canceled
	at org.eclipse.lsp4j.jsonrpc.RemoteEndpoint.handleResponse(RemoteEndpoint.java:209)
	at org.eclipse.lsp4j.jsonrpc.RemoteEndpoint.consume(RemoteEndpoint.java:193)
	at org.eclipse.lsp4j.jsonrpc.json.StreamMessageProducer.handleMessage(StreamMessageProducer.java:194)
	at org.eclipse.lsp4j.jsonrpc.json.StreamMessageProducer.listen(StreamMessageProducer.java:94)
	at org.eclipse.lsp4j.jsonrpc.json.ConcurrentMessageProcessor.run(ConcurrentMessageProcessor.java:113)
	at java.util.concurrent.Executors$RunnableAdapter.call(null)
	at java.util.concurrent.FutureTask.run(null)
	at java.util.concurrent.ThreadPoolExecutor.runWorker(null)
	at java.util.concurrent.ThreadPoolExecutor$Worker.run(null)
	at java.lang.Thread.run(null)

2022.06.06 23:50:08 INFO  tracing is disabled for protocol LSP, to enable tracing of incoming and outgoing JSON messages create an empty file at c:\Users\MediaMonster\Desktop\play-samples-play-scala-hello-world-tutorial\.metals\lsp.trace.json or C:\Users\MediaMonster\AppData\Local\scalameta\metals\cache\lsp.trace.json
2022.06.06 23:50:16 INFO  logging to file C:\Users\MediaMonster\Desktop\play-samples-play-scala-hello-world-tutorial\.metals\metals.log
2022.06.06 23:50:16 INFO  Started: Metals version 0.11.6 in workspace 'C:\Users\MediaMonster\Desktop\play-samples-play-scala-hello-world-tutorial' for client Visual Studio Code 1.67.2.
2022.06.06 23:50:24 INFO  time: initialize in 8.07s
2022.06.06 23:50:26 WARN  Flyway upgrade recommended: H2 2.1.212 is newer than this version of Flyway and support has not been tested. The latest supported version of H2 is 2.1.210.
2022.06.06 23:50:26 WARN  Build server is not auto-connectable.
2022.06.06 23:50:28 INFO  skipping build import with status 'Requested'
2022.06.06 23:50:32 WARN  no build target for: C:\Users\MediaMonster\Desktop\play-samples-play-scala-hello-world-tutorial\app\controllers\HomeController.scala
2022.06.06 23:50:45 INFO  no build target found for C:\Users\MediaMonster\Desktop\play-samples-play-scala-hello-world-tutorial\app\controllers\HomeController.scala. Using presentation compiler with project's scala-library version: 3.1.2
2022.06.06 23:50:51 INFO  time: code lens generation in 17s
2022.06.06 23:52:32 INFO  shutting down Metals
2022.06.06 23:54:27 INFO  tracing is disabled for protocol LSP, to enable tracing of incoming and outgoing JSON messages create an empty file at c:\Users\MediaMonster\Desktop\play-samples-play-scala-hello-world-tutorial\.metals\lsp.trace.json or C:\Users\MediaMonster\AppData\Local\scalameta\metals\cache\lsp.trace.json
2022.06.06 23:54:31 INFO  logging to file C:\Users\MediaMonster\Desktop\play-samples-play-scala-hello-world-tutorial\.metals\metals.log
2022.06.06 23:54:31 INFO  Started: Metals version 0.11.6 in workspace 'C:\Users\MediaMonster\Desktop\play-samples-play-scala-hello-world-tutorial' for client Visual Studio Code 1.67.2.
2022.06.06 23:54:35 INFO  time: initialize in 4.05s
2022.06.06 23:54:37 WARN  Flyway upgrade recommended: H2 2.1.212 is newer than this version of Flyway and support has not been tested. The latest supported version of H2 is 2.1.210.
2022.06.06 23:54:37 WARN  Build server is not auto-connectable.
2022.06.06 23:54:38 INFO  skipping build import with status 'Requested'
2022.06.06 23:54:42 WARN  no build target for: C:\Users\MediaMonster\Desktop\play-samples-play-scala-hello-world-tutorial\app\controllers\HomeController.scala
2022.06.06 23:54:51 INFO  no build target found for C:\Users\MediaMonster\Desktop\play-samples-play-scala-hello-world-tutorial\app\controllers\HomeController.scala. Using presentation compiler with project's scala-library version: 3.1.2
2022.06.06 23:54:57 INFO  time: code lens generation in 14s
juin 07, 2022 12:04:01 AM org.eclipse.lsp4j.jsonrpc.RemoteEndpoint handleCancellation
AVERTISSEMENT: Unmatched cancel notification for request id 23
2022.06.07 00:04:17 WARN  no build target for: C:\Users\MediaMonster\Desktop\play-samples-play-scala-hello-world-tutorial\app\controllers\HomeController.scala
2022.06.07 00:14:24 WARN  no build target for: C:\Users\MediaMonster\Desktop\play-samples-play-scala-hello-world-tutorial\target\scala-2.13\twirl\main\views\html\main.template.scala
2022.06.07 00:33:56 INFO  shutting down Metals
2022.06.07 00:34:57 INFO  tracing is disabled for protocol LSP, to enable tracing of incoming and outgoing JSON messages create an empty file at c:\Users\MediaMonster\Desktop\play-samples-play-scala-hello-world-tutorial\.metals\lsp.trace.json or C:\Users\MediaMonster\AppData\Local\scalameta\metals\cache\lsp.trace.json
2022.06.07 00:35:01 INFO  logging to file C:\Users\MediaMonster\Desktop\play-samples-play-scala-hello-world-tutorial\.metals\metals.log
2022.06.07 00:35:01 INFO  Started: Metals version 0.11.6 in workspace 'C:\Users\MediaMonster\Desktop\play-samples-play-scala-hello-world-tutorial' for client Visual Studio Code 1.67.2.
2022.06.07 00:35:04 INFO  time: initialize in 3.25s
2022.06.07 00:35:06 WARN  Flyway upgrade recommended: H2 2.1.212 is newer than this version of Flyway and support has not been tested. The latest supported version of H2 is 2.1.210.
2022.06.07 00:35:06 WARN  Build server is not auto-connectable.
2022.06.07 00:35:07 INFO  skipping build import with status 'Requested'
2022.06.07 09:21:49 INFO  shutting down Metals
2022.06.07 09:42:00 INFO  tracing is disabled for protocol LSP, to enable tracing of incoming and outgoing JSON messages create an empty file at c:\Users\MediaMonster\Desktop\play-samples-play-scala-hello-world-tutorial\.metals\lsp.trace.json or C:\Users\MediaMonster\AppData\Local\scalameta\metals\cache\lsp.trace.json
2022.06.07 09:42:04 INFO  logging to file C:\Users\MediaMonster\Desktop\play-samples-play-scala-hello-world-tutorial\.metals\metals.log
2022.06.07 09:42:04 INFO  Started: Metals version 0.11.6 in workspace 'C:\Users\MediaMonster\Desktop\play-samples-play-scala-hello-world-tutorial' for client Visual Studio Code 1.67.2.
2022.06.07 09:42:09 INFO  time: initialize in 4.9s
2022.06.07 09:42:11 WARN  Flyway upgrade recommended: H2 2.1.212 is newer than this version of Flyway and support has not been tested. The latest supported version of H2 is 2.1.210.
2022.06.07 09:42:11 WARN  Build server is not auto-connectable.
2022.06.07 09:42:12 INFO  skipping build import with status 'Requested'
